In file included from ../lib/kerberos.cc:1:
../lib/kerberos.h:31:26: error: no template named 'Handle'
  static void Initialize(Handle<Object> target);
                         ^
../lib/kerberos.h:34:10: error: no template named 'Handle'
  static Handle<Value> AuthGSSClientInit(const Arguments &args);
         ^
../lib/kerberos.h:34:48: error: unknown type name 'Arguments'; did you mean 'v8::internal::Arguments'?
  static Handle<Value> AuthGSSClientInit(const Arguments &args);
                                               ^~~~~~~~~
                                               v8::internal::Arguments
/Users/jenniferroh/Library/Caches/node-gyp/12.16.3/include/node/v8.h:119:7: note: 'v8::internal::Arguments' declared here
class Arguments;
      ^
In file included from ../lib/kerberos.cc:1:
../lib/kerberos.h:35:10: error: no template named 'Handle'
  static Handle<Value> AuthGSSClientStep(const Arguments &args);
         ^
../lib/kerberos.h:35:48: error: unknown type name 'Arguments'; did you mean 'v8::internal::Arguments'?
  static Handle<Value> AuthGSSClientStep(const Arguments &args);
                                               ^~~~~~~~~
                                               v8::internal::Arguments
/Users/jenniferroh/Library/Caches/node-gyp/12.16.3/include/node/v8.h:119:7: note: 'v8::internal::Arguments' declared here
class Arguments;
      ^
In file included from ../lib/kerberos.cc:1:
../lib/kerberos.h:36:10: error: no template named 'Handle'
  static Handle<Value> AuthGSSClientUnwrap(const Arguments &args);
         ^
../lib/kerberos.h:36:50: error: unknown type name 'Arguments'; did you mean 'v8::internal::Arguments'?
  static Handle<Value> AuthGSSClientUnwrap(const Arguments &args);
                                                 ^~~~~~~~~
                                                 v8::internal::Arguments
/Users/jenniferroh/Library/Caches/node-gyp/12.16.3/include/node/v8.h:119:7: note: 'v8::internal::Arguments' declared here
class Arguments;
      ^
In file included from ../lib/kerberos.cc:1:
../lib/kerberos.h:37:10: error: no template named 'Handle'
  static Handle<Value> AuthGSSClientWrap(const Arguments &args);
         ^
../lib/kerberos.h:37:48: error: unknown type name 'Arguments'; did you mean 'v8::internal::Arguments'?
  static Handle<Value> AuthGSSClientWrap(const Arguments &args);
                                               ^~~~~~~~~
                                               v8::internal::Arguments
/Users/jenniferroh/Library/Caches/node-gyp/12.16.3/include/node/v8.h:119:7: note: 'v8::internal::Arguments' declared here
class Arguments;
      ^
In file included from ../lib/kerberos.cc:1:
../lib/kerberos.h:38:10: error: no template named 'Handle'
  static Handle<Value> AuthGSSClientClean(const Arguments &args);
         ^
../lib/kerberos.h:38:49: error: unknown type name 'Arguments'; did you mean 'v8::internal::Arguments'?
  static Handle<Value> AuthGSSClientClean(const Arguments &args);
                                                ^~~~~~~~~
                                                v8::internal::Arguments
/Users/jenniferroh/Library/Caches/node-gyp/12.16.3/include/node/v8.h:119:7: note: 'v8::internal::Arguments' declared here
class Arguments;
      ^
In file included from ../lib/kerberos.cc:1:
../lib/kerberos.h:41:10: error: no template named 'Handle'
  static Handle<Value> New(const Arguments &args);  
         ^
../lib/kerberos.h:41:34: error: unknown type name 'Arguments'; did you mean 'v8::internal::Arguments'?
  static Handle<Value> New(const Arguments &args);  
                                 ^~~~~~~~~
                                 v8::internal::Arguments
/Users/jenniferroh/Library/Caches/node-gyp/12.16.3/include/node/v8.h:119:7: note: 'v8::internal::Arguments' declared here
class Arguments;
      ^
In file included from ../lib/kerberos.cc:1:
../lib/kerberos.h:44:23: error: unknown type name 'uv_work_t'
  static void Process(uv_work_t* work_req);
                      ^
../lib/kerberos.h:46:21: error: unknown type name 'uv_work_t'
  static void After(uv_work_t* work_req);
                    ^
In file included from ../lib/kerberos.cc:4:
../lib/worker.h:17:5: error: unknown type name 'uv_work_t'
    uv_work_t request;
    ^
../lib/worker.h:36:5: error: no template named 'Handle'
    Handle<Value> (*mapper)(Worker *worker);
    ^
In file included from ../lib/kerberos.cc:5:
../lib/kerberos_context.h:25:34: error: no template named 'Handle'
  static inline bool HasInstance(Handle<Value> val) {
                                 ^
../lib/kerberos_context.h:35:26: error: no template named 'Handle'
  static void Initialize(Handle<Object> target);
                         ^
fatal error: too many errors emitted, stopping now [-ferror-limit=]
20 errors generated.
make: *** [Release/obj.target/kerberos/lib/kerberos.o] Error 1
gyp ERR! build error 
gyp ERR! stack Error: `make` failed with exit code: 2
gyp ERR! stack     at ChildProcess.onExit (/usr/local/lib/node_modules/npm/node_modules/node-gyp/lib/build.js:194:23)
gyp ERR! stack     at ChildProcess.emit (events.js:310:20)
gyp ERR! stack     at Process.ChildProcess._handle.onexit (internal/child_process.js:275:12)
gyp ERR! System Darwin 17.7.0
gyp ERR! command "/usr/local/bin/node" "/usr/local/lib/node_modules/npm/node_modules/node-gyp/bin/node-gyp.js" "rebuild"
gyp ERR! cwd /Users/jenniferroh/Desktop/411project/tweet-stream/node_modules/kerberos
gyp ERR! node -v v12.16.3
gyp ERR! node-gyp -v v5.1.0
gyp ERR! not ok 
